<?xml version="1.0" encoding="UTF-8"?>
<!-- Generated by org.testng.reporters.JUnitXMLReporter -->
<testsuite ignored="1" hostname="jhonesLG" failures="2" tests="2" name="LoginPage Test" time="0.402" errors="0" timestamp="2022-12-11T17:21:28 GMT">
  <testcase classname="com.ultimateqa.courses.testsuite.LoginPageTest" name="verifyTheErrorMessage" time="0.01">
    <failure type="java.lang.NullPointerException" message="Cannot invoke &amp;quot;com.ultimateqa.courses.pages.HomePage.clickOnSignInLink()&amp;quot; because &amp;quot;this.homePage&amp;quot; is null">
      <![CDATA[java.lang.NullPointerException: Cannot invoke "com.ultimateqa.courses.pages.HomePage.clickOnSignInLink()" because "this.homePage" is null
at com.ultimateqa.courses.testsuite.LoginPageTest.verifyTheErrorMessage(LoginPageTest.java:33)
at java.base/java.util.ArrayList.forEach(ArrayList.java:1511)
at com.intellij.rt.testng.IDEARemoteTestNG.run(IDEARemoteTestNG.java:66)
at com.intellij.rt.testng.RemoteTestNGStarter.main(RemoteTestNGStarter.java:109)
... Removed 24 stack frames]]>
    </failure>
  </testcase> <!-- verifyTheErrorMessage -->
  <testcase classname="com.ultimateqa.courses.testsuite.LoginPageTest" name="verifyTheErrorMessage" time="0.042">
    <failure type="java.lang.NullPointerException" message="Cannot invoke &amp;quot;org.openqa.selenium.TakesScreenshot.getScreenshotAs(org.openqa.selenium.OutputType)&amp;quot; because &amp;quot;screenshot&amp;quot; is null">
      <![CDATA[java.lang.NullPointerException: Cannot invoke "org.openqa.selenium.TakesScreenshot.getScreenshotAs(org.openqa.selenium.OutputType)" because "screenshot" is null
at com.ultimateqa.courses.utility.Utility.takeScreenShot(Utility.java:351)
at com.ultimateqa.courses.customlisteners.CustomListeners.onTestFailure(CustomListeners.java:34)
at java.base/java.util.ArrayList.forEach(ArrayList.java:1511)
at com.intellij.rt.testng.IDEARemoteTestNG.run(IDEARemoteTestNG.java:66)
at com.intellij.rt.testng.RemoteTestNGStarter.main(RemoteTestNGStarter.java:109)
... Removed 21 stack frames]]>
    </failure>
  </testcase> <!-- verifyTheErrorMessage -->
  <testcase classname="com.ultimateqa.courses.testsuite.LoginPageTest" name="userShouldNavigateToLoginPageSuccessfully" time="0.0">
    <ignored/>
  </testcase> <!-- userShouldNavigateToLoginPageSuccessfully -->
</testsuite> <!-- LoginPage Test -->
